[26Dec2024 00:34:07.378] [Server thread/INFO] [net.minecraft.server.MinecraftServer/]: Stopping the server
[26Dec2024 00:34:07.430] [Server thread/INFO] [net.minecraft.server.MinecraftServer/]: Stopping server
[26Dec2024 00:34:07.431] [Server thread/INFO] [net.minecraft.server.MinecraftServer/]: Saving players
[26Dec2024 00:34:07.432] [Server thread/INFO] [net.minecraft.server.MinecraftServer/]: Saving worlds
[26Dec2024 00:34:11.009] [Server thread/INFO] [net.minecraft.server.MinecraftServer/]: Saving chunks for level 'ServerLevel[world]'/minecraft:overworld
[26Dec2024 00:34:11.137] [Server thread/INFO] [net.minecraft.server.MinecraftServer/]: Saving chunks for level 'ServerLevel[world]'/blue_skies:everbright
[26Dec2024 00:34:11.140] [Server thread/INFO] [net.minecraft.server.MinecraftServer/]: Saving chunks for level 'ServerLevel[world]'/twilightforest:twilight_forest
[26Dec2024 00:34:11.142] [Server thread/INFO] [net.minecraft.server.MinecraftServer/]: Saving chunks for level 'ServerLevel[world]'/minecraft:the_nether
[26Dec2024 00:34:11.145] [Server thread/INFO] [net.minecraft.server.MinecraftServer/]: Saving chunks for level 'ServerLevel[world]'/minecraft:the_end
[26Dec2024 00:34:11.148] [Server thread/INFO] [net.minecraft.server.MinecraftServer/]: Saving chunks for level 'ServerLevel[world]'/deeperdarker:otherside
[26Dec2024 00:34:11.152] [Server thread/INFO] [net.minecraft.server.MinecraftServer/]: Saving chunks for level 'ServerLevel[world]'/witherstormmod:bowels
[26Dec2024 00:34:11.155] [Server thread/INFO] [net.minecraft.server.MinecraftServer/]: Saving chunks for level 'ServerLevel[world]'/blue_skies:everdawn
[26Dec2024 00:34:11.158] [Server thread/INFO] [net.minecraft.server.MinecraftServer/]: Saving chunks for level 'ServerLevel[world]'/aether:the_aether
[26Dec2024 00:34:11.560] [Server thread/INFO] [net.minecraft.server.MinecraftServer/]: ThreadedAnvilChunkStorage (world): All chunks are saved
[26Dec2024 00:34:11.565] [Server thread/INFO] [net.minecraft.server.MinecraftServer/]: ThreadedAnvilChunkStorage (everbright): All chunks are saved
[26Dec2024 00:34:11.565] [Server thread/INFO] [net.minecraft.server.MinecraftServer/]: ThreadedAnvilChunkStorage (twilight_forest): All chunks are saved
[26Dec2024 00:34:11.565] [Server thread/INFO] [net.minecraft.server.MinecraftServer/]: ThreadedAnvilChunkStorage (DIM-1): All chunks are saved
[26Dec2024 00:34:11.566] [Server thread/INFO] [net.minecraft.server.MinecraftServer/]: ThreadedAnvilChunkStorage (DIM1): All chunks are saved
[26Dec2024 00:34:11.566] [Server thread/INFO] [net.minecraft.server.MinecraftServer/]: ThreadedAnvilChunkStorage (otherside): All chunks are saved
[26Dec2024 00:34:11.566] [Server thread/INFO] [net.minecraft.server.MinecraftServer/]: ThreadedAnvilChunkStorage (bowels): All chunks are saved
[26Dec2024 00:34:11.566] [Server thread/INFO] [net.minecraft.server.MinecraftServer/]: ThreadedAnvilChunkStorage (everdawn): All chunks are saved
[26Dec2024 00:34:11.567] [Server thread/INFO] [net.minecraft.server.MinecraftServer/]: ThreadedAnvilChunkStorage (the_aether): All chunks are saved
[26Dec2024 00:34:11.567] [Server thread/INFO] [net.minecraft.server.MinecraftServer/]: ThreadedAnvilChunkStorage: All dimensions are saved
[26Dec2024 00:34:11.620] [Server thread/INFO] [Framework/]: Unloading server configs...
[26Dec2024 00:34:11.625] [Server thread/INFO] [Framework/]: Sending config unload event for refurbished_furniture.server.toml
